<?xml version="1.0" encoding="UTF-8"?>
<testng-results ignored="0" total="1" passed="1" failed="0" skipped="0">
  <reporter-output>
  </reporter-output>
  <suite started-at="2024-05-02T09:25:22Z" name="Default suite" finished-at="2024-05-02T09:25:35Z" duration-ms="13027">
    <groups>
    </groups>
    <test started-at="2024-05-02T09:25:22Z" name="Default test" finished-at="2024-05-02T09:25:35Z" duration-ms="13027">
      <class name="testNg.driverregister">
        <test-method signature="run()[pri:0, instance:testNg.driverregister@600b90df]" started-at="2024-05-02T09:25:23Z" name="run" finished-at="2024-05-02T09:25:35Z" duration-ms="12953" status="PASS">
          <reporter-output>
          </reporter-output>
        </test-method> <!-- run -->
      </class> <!-- testNg.driverregister -->
    </test> <!-- Default test -->
  </suite> <!-- Default suite -->
</testng-results>
